<!DOCTYPE html PUBLIC "-//W3C//DTD XHTML 1.1//EN" "https://www.w3.org/TR/xhtml11/DTD/xhtml11.dtd">
<html xmlns="https://www.w3.org/1999/xhtml">
<head>
<meta http-equiv="content-type" content="text/html; charset=UTF-8"/>
<title>TestNG Report</title>
<style type="text/css">table {margin-bottom:10px;border-collapse:collapse;empty-cells:show}th,td {border:1px solid #009;padding:.25em .5em}th {vertical-align:bottom}td {vertical-align:top}table a {font-weight:bold}.stripe td {background-color: #E6EBF9}.num {text-align:right}.passedodd td {background-color: #3F3}.passedeven td {background-color: #0A0}.skippedodd td {background-color: #DDD}.skippedeven td {background-color: #CCC}.failedodd td,.attn {background-color: #F33}.failedeven td,.stripe .attn {background-color: #D00}.stacktrace {white-space:pre;font-family:monospace}.totop {font-size:85%;text-align:center;border-bottom:2px solid #000}.invisible {display:none}</style>
</head>
<body>
<table>
<tr><th>Test</th><th># Passed</th><th># Skipped</th><th># Retried</th><th># Failed</th><th>Time (ms)</th><th>Included Groups</th><th>Excluded Groups</th></tr>
<tr><th colspan="8">PetSuite</th></tr>
<tr><td><a href="#t0">PetTest</a></td><td class="num">7</td><td class="num">0</td><td class="num">0</td><td class="num attn">4</td><td class="num">17,272</td><td></td><td></td></tr>
</table>
<table id='summary'><thead><tr><th>Class</th><th>Method</th><th>Start</th><th>Time (ms)</th></tr></thead><tbody><tr><th colspan="4">PetSuite</th></tr></tbody><tbody id="t0"><tr><th colspan="4">PetTest &#8212; failed</th></tr><tr class="failedeven"><td rowspan="1">api.test.UserDDTest</td><td><a href="#m0">Module1_TC02_DeleteUserByName</a></td><td rowspan="1">1723043550622</td><td rowspan="1">979</td></tr><tr class="failedodd"><td rowspan="3">api.test.UserModelTest</td><td><a href="#m1">Module2_TC03_DeleteUserByName</a></td><td rowspan="3">1723043556906</td><td rowspan="3">965</td></tr><tr class="failedodd"><td><a href="#m2">Module2_TC03_DeleteUserByName</a></td></tr><tr class="failedodd"><td><a href="#m3">Module2_TC03_DeleteUserByName</a></td></tr><tr><th colspan="4">PetTest &#8212; passed</th></tr><tr class="passedeven"><td rowspan="5">api.test.UserDDTest</td><td><a href="#m4">Module1_TC01_Postuser</a></td><td rowspan="3">1723043543886</td><td rowspan="3">3670</td></tr><tr class="passedeven"><td><a href="#m5">Module1_TC01_Postuser</a></td></tr><tr class="passedeven"><td><a href="#m6">Module1_TC01_Postuser</a></td></tr><tr class="passedeven"><td><a href="#m7">Module1_TC02_DeleteUserByName</a></td><td rowspan="2">1723043551612</td><td rowspan="2">977</td></tr><tr class="passedeven"><td><a href="#m8">Module1_TC02_DeleteUserByName</a></td></tr><tr class="passedodd"><td rowspan="2">api.test.UserModelTest</td><td><a href="#m9">Module2_TC01_CreateUser</a></td><td rowspan="1">1723043552867</td><td rowspan="1">1080</td></tr><tr class="passedodd"><td><a href="#m10">Module2_TC02_GetUserName</a></td><td rowspan="1">1723043553948</td><td rowspan="1">963</td></tr></tbody>
</table>
<h2>PetTest</h2><h3 id="m0">api.test.UserDDTest#Module1_TC02_DeleteUserByName</h3><table class="result"><tr class="param"><th>Parameter #1</th></tr><tr class="param stripe"><td>testuser2</td></tr><tr><th>Exception</th></tr><tr><td><div class="stacktrace">java.lang.AssertionError: expected [200] but found [404]
	at api.utilities.ExtentReportManager.onTestFailure(ExtentReportManager.java:65)
	at java.base/java.util.ArrayList.forEach(ArrayList.java:1511)
... Removed 28 stack frames</div></td></tr></table><p class="totop"><a href="#summary">back to summary</a></p>
<h3 id="m1">api.test.UserModelTest#Module2_TC03_DeleteUserByName</h3><table class="result"><tr class="param"><th>Parameter #1</th></tr><tr class="param stripe"><td>testuser3</td></tr><tr><th>Exception</th></tr><tr><td><div class="stacktrace">java.lang.AssertionError: expected [200] but found [404]
	at api.utilities.ExtentReportManager.onTestFailure(ExtentReportManager.java:65)
	at java.base/java.util.ArrayList.forEach(ArrayList.java:1511)
... Removed 28 stack frames</div></td></tr></table><p class="totop"><a href="#summary">back to summary</a></p>
<h3 id="m2">api.test.UserModelTest#Module2_TC03_DeleteUserByName</h3><table class="result"><tr class="param"><th>Parameter #1</th></tr><tr class="param stripe"><td>testuser1</td></tr><tr><th>Exception</th></tr><tr><td><div class="stacktrace">java.lang.AssertionError: expected [200] but found [404]
	at api.utilities.ExtentReportManager.onTestFailure(ExtentReportManager.java:65)
	at java.base/java.util.ArrayList.forEach(ArrayList.java:1511)
... Removed 28 stack frames</div></td></tr></table><p class="totop"><a href="#summary">back to summary</a></p>
<h3 id="m3">api.test.UserModelTest#Module2_TC03_DeleteUserByName</h3><table class="result"><tr class="param"><th>Parameter #1</th></tr><tr class="param stripe"><td>testuser2</td></tr><tr><th>Exception</th></tr><tr><td><div class="stacktrace">java.lang.AssertionError: expected [200] but found [404]
	at api.utilities.ExtentReportManager.onTestFailure(ExtentReportManager.java:65)
	at java.base/java.util.ArrayList.forEach(ArrayList.java:1511)
... Removed 28 stack frames</div></td></tr></table><p class="totop"><a href="#summary">back to summary</a></p>
<h3 id="m4">api.test.UserDDTest#Module1_TC01_Postuser</h3><table class="result"><tr class="param"><th>Parameter #1</th><th>Parameter #2</th><th>Parameter #3</th><th>Parameter #4</th><th>Parameter #5</th><th>Parameter #6</th><th>Parameter #7</th></tr><tr class="param stripe"><td>1010</td><td>testuser1</td><td>John</td><td>Canedy</td><td>a@a.com</td><td>test@1</td><td>123456789</td></tr></table><p class="totop"><a href="#summary">back to summary</a></p>
<h3 id="m5">api.test.UserDDTest#Module1_TC01_Postuser</h3><table class="result"><tr class="param"><th>Parameter #1</th><th>Parameter #2</th><th>Parameter #3</th><th>Parameter #4</th><th>Parameter #5</th><th>Parameter #6</th><th>Parameter #7</th></tr><tr class="param stripe"><td>1020</td><td>testuser2</td><td>kim</td><td>Kom</td><td>b@a.com</td><td>test@2</td><td>123456789</td></tr></table><p class="totop"><a href="#summary">back to summary</a></p>
<h3 id="m6">api.test.UserDDTest#Module1_TC01_Postuser</h3><table class="result"><tr class="param"><th>Parameter #1</th><th>Parameter #2</th><th>Parameter #3</th><th>Parameter #4</th><th>Parameter #5</th><th>Parameter #6</th><th>Parameter #7</th></tr><tr class="param stripe"><td>1030</td><td>testuser3</td><td>Smith</td><td>Steve</td><td>c@a.com</td><td>test@3</td><td>123456789</td></tr></table><p class="totop"><a href="#summary">back to summary</a></p>
<h3 id="m7">api.test.UserDDTest#Module1_TC02_DeleteUserByName</h3><table class="result"><tr class="param"><th>Parameter #1</th></tr><tr class="param stripe"><td>testuser3</td></tr></table><p class="totop"><a href="#summary">back to summary</a></p>
<h3 id="m8">api.test.UserDDTest#Module1_TC02_DeleteUserByName</h3><table class="result"><tr class="param"><th>Parameter #1</th></tr><tr class="param stripe"><td>testuser1</td></tr></table><p class="totop"><a href="#summary">back to summary</a></p>
<h3 id="m9">api.test.UserModelTest#Module2_TC01_CreateUser</h3><table class="result"><tr><th class="invisible"/></tr></table><p class="totop"><a href="#summary">back to summary</a></p>
<h3 id="m10">api.test.UserModelTest#Module2_TC02_GetUserName</h3><table class="result"><tr><th class="invisible"/></tr></table><p class="totop"><a href="#summary">back to summary</a></p>
</body>
</html>
