<?xml version="1.0" encoding="UTF-8"?>
<!-- Generated by org.testng.reporters.JUnitXMLReporter -->
<testsuite ignored="0" hostname="EC2AMAZ-CHIJMME" failures="3" tests="11" name="PetTest" time="16.702" errors="0" timestamp="2024-08-02T15:38:51 UTC">
  <testcase classname="api.test.UserDDTest" name="testPostuser" time="3.336"/>
  <testcase classname="api.test.UserDDTest" name="testPostuser" time="1.006"/>
  <testcase classname="api.test.UserDDTest" name="testPostuser" time="0.961"/>
  <testcase classname="api.test.UserDDTest" name="testDeleteUserByName" time="1.01"/>
  <testcase classname="api.test.UserDDTest" name="testDeleteUserByName" time="0.961"/>
  <testcase classname="api.test.UserDDTest" name="testDeleteUserByName" time="0.976"/>
  <testcase classname="api.test.UserModelTest" name="testCreateUser" time="1.029"/>
  <testcase classname="api.test.UserModelTest" name="testGetUserName" time="0.99"/>
  <testcase classname="api.test.UserModelTest" name="testDeleteUserByName" time="0.986">
    <failure type="java.lang.AssertionError" message="expected [200] but found [404]">
      <![CDATA[java.lang.AssertionError: expected [200] but found [404]
at api.test.UserModelTest.testDeleteUserByName(UserModelTest.java:71)
at java.base/java.util.ArrayList.forEach(ArrayList.java:1511)
... Removed 33 stack frames]]>
    </failure>
  </testcase> <!-- testDeleteUserByName -->
  <testcase classname="api.test.UserModelTest" name="testDeleteUserByName" time="0.951">
    <failure type="java.lang.AssertionError" message="expected [200] but found [404]">
      <![CDATA[java.lang.AssertionError: expected [200] but found [404]
at api.test.UserModelTest.testDeleteUserByName(UserModelTest.java:71)
at java.base/java.util.ArrayList.forEach(ArrayList.java:1511)
... Removed 33 stack frames]]>
    </failure>
  </testcase> <!-- testDeleteUserByName -->
  <testcase classname="api.test.UserModelTest" name="testDeleteUserByName" time="0.954">
    <failure type="java.lang.AssertionError" message="expected [200] but found [404]">
      <![CDATA[java.lang.AssertionError: expected [200] but found [404]
at api.test.UserModelTest.testDeleteUserByName(UserModelTest.java:71)
at java.base/java.util.ArrayList.forEach(ArrayList.java:1511)
... Removed 33 stack frames]]>
    </failure>
  </testcase> <!-- testDeleteUserByName -->
</testsuite> <!-- PetTest -->
